
*** Running vivado
    with args -log system_wrapper.vdi -applog -m64 -messageDb vivado.pb -mode batch -source system_wrapper.tcl -notrace


****** Vivado v2015.4 (64-bit)
  **** SW Build 1412921 on Wed Nov 18 09:43:45 MST 2015
  **** IP Build 1412160 on Tue Nov 17 13:47:24 MST 2015
    ** Copyright 1986-2015 Xilinx, Inc. All Rights Reserved.

source system_wrapper.tcl -notrace
Design is defaulting to srcset: sources_1
Design is defaulting to constrset: constrs_1
INFO: [Netlist 29-17] Analyzing 69 Unisim elements for replacement
INFO: [Netlist 29-28] Unisim Transformation completed in 0 CPU seconds
INFO: [Project 1-479] Netlist was created with Vivado 2015.4
INFO: [Device 21-403] Loading part xc7z020clg484-1
INFO: [Project 1-570] Preparing netlist for logic optimization
Parsing XDC File [c:/Users/ugurg/OneDrive/Learnings/Courses/BIL569_Embedded/bitcoin/bitcoin.srcs/sources_1/bd/system/ip/system_processing_system7_0_1/system_processing_system7_0_1.xdc] for cell 'system_i/processing_system7_0/inst'
Finished Parsing XDC File [c:/Users/ugurg/OneDrive/Learnings/Courses/BIL569_Embedded/bitcoin/bitcoin.srcs/sources_1/bd/system/ip/system_processing_system7_0_1/system_processing_system7_0_1.xdc] for cell 'system_i/processing_system7_0/inst'
Parsing XDC File [c:/Users/ugurg/OneDrive/Learnings/Courses/BIL569_Embedded/bitcoin/bitcoin.srcs/sources_1/bd/system/ip/system_axi_timer_0_0/system_axi_timer_0_0.xdc] for cell 'system_i/axi_timer_0'
Finished Parsing XDC File [c:/Users/ugurg/OneDrive/Learnings/Courses/BIL569_Embedded/bitcoin/bitcoin.srcs/sources_1/bd/system/ip/system_axi_timer_0_0/system_axi_timer_0_0.xdc] for cell 'system_i/axi_timer_0'
Parsing XDC File [c:/Users/ugurg/OneDrive/Learnings/Courses/BIL569_Embedded/bitcoin/bitcoin.srcs/sources_1/bd/system/ip/system_rst_processing_system7_0_100M_0/system_rst_processing_system7_0_100M_0_board.xdc] for cell 'system_i/rst_processing_system7_0_100M'
Finished Parsing XDC File [c:/Users/ugurg/OneDrive/Learnings/Courses/BIL569_Embedded/bitcoin/bitcoin.srcs/sources_1/bd/system/ip/system_rst_processing_system7_0_100M_0/system_rst_processing_system7_0_100M_0_board.xdc] for cell 'system_i/rst_processing_system7_0_100M'
Parsing XDC File [c:/Users/ugurg/OneDrive/Learnings/Courses/BIL569_Embedded/bitcoin/bitcoin.srcs/sources_1/bd/system/ip/system_rst_processing_system7_0_100M_0/system_rst_processing_system7_0_100M_0.xdc] for cell 'system_i/rst_processing_system7_0_100M'
Finished Parsing XDC File [c:/Users/ugurg/OneDrive/Learnings/Courses/BIL569_Embedded/bitcoin/bitcoin.srcs/sources_1/bd/system/ip/system_rst_processing_system7_0_100M_0/system_rst_processing_system7_0_100M_0.xdc] for cell 'system_i/rst_processing_system7_0_100M'
Parsing XDC File [C:/Users/ugurg/OneDrive/Learnings/Courses/BIL569_Embedded/bitcoin/bitcoin.srcs/constrs_1/new/pins.xdc]
Finished Parsing XDC File [C:/Users/ugurg/OneDrive/Learnings/Courses/BIL569_Embedded/bitcoin/bitcoin.srcs/constrs_1/new/pins.xdc]
INFO: [Opt 31-138] Pushed 0 inverter(s) to 0 load pin(s).
INFO: [Project 1-111] Unisim Transformation Summary:
No Unisim elements were transformed.

link_design: Time (s): cpu = 00:00:09 ; elapsed = 00:00:09 . Memory (MB): peak = 472.559 ; gain = 281.805
Command: opt_design
Attempting to get a license for feature 'Implementation' and/or device 'xc7z020'
INFO: [Common 17-349] Got license for feature 'Implementation' and/or device 'xc7z020'
Running DRC as a precondition to command opt_design

Starting DRC Task
INFO: [DRC 23-27] Running DRC with 2 threads
INFO: [Project 1-461] DRC finished with 0 Errors
INFO: [Project 1-462] Please refer to the DRC report (report_drc) for more information.

Time (s): cpu = 00:00:00 ; elapsed = 00:00:00.117 . Memory (MB): peak = 477.238 ; gain = 4.621
INFO: [Timing 38-35] Done setting XDC timing constraints.

Starting Logic Optimization Task
Implement Debug Cores | Checksum: d54cccbb

Phase 1 Retarget
INFO: [Opt 31-138] Pushed 0 inverter(s) to 0 load pin(s).
INFO: [Opt 31-49] Retargeted 0 cell(s).
Phase 1 Retarget | Checksum: ec92bc67

Time (s): cpu = 00:00:00 ; elapsed = 00:00:00.244 . Memory (MB): peak = 946.590 ; gain = 0.000

Phase 2 Constant Propagation
INFO: [Opt 31-138] Pushed 0 inverter(s) to 0 load pin(s).
INFO: [Opt 31-10] Eliminated 76 cells.
Phase 2 Constant Propagation | Checksum: 105ac0aab

Time (s): cpu = 00:00:01 ; elapsed = 00:00:00.886 . Memory (MB): peak = 946.590 ; gain = 0.000

Phase 3 Sweep
INFO: [Opt 31-12] Eliminated 427 unconnected nets.
INFO: [Opt 31-11] Eliminated 369 unconnected cells.
Phase 3 Sweep | Checksum: 130641ea1

Time (s): cpu = 00:00:02 ; elapsed = 00:00:02 . Memory (MB): peak = 946.590 ; gain = 0.000

Starting Connectivity Check Task

Time (s): cpu = 00:00:00 ; elapsed = 00:00:00.009 . Memory (MB): peak = 946.590 ; gain = 0.000
Ending Logic Optimization Task | Checksum: 130641ea1

Time (s): cpu = 00:00:02 ; elapsed = 00:00:02 . Memory (MB): peak = 946.590 ; gain = 0.000

Starting Power Optimization Task
INFO: [Pwropt 34-132] Skipping clock gating for clocks with a period < 2.00 ns.
Ending Power Optimization Task | Checksum: 130641ea1

Time (s): cpu = 00:00:00 ; elapsed = 00:00:00.012 . Memory (MB): peak = 946.590 ; gain = 0.000
INFO: [Common 17-83] Releasing license: Implementation
20 Infos, 0 Warnings, 0 Critical Warnings and 0 Errors encountered.
opt_design completed successfully
opt_design: Time (s): cpu = 00:00:16 ; elapsed = 00:00:16 . Memory (MB): peak = 946.590 ; gain = 474.031
Writing placer database...
Writing XDEF routing.
Writing XDEF routing logical nets.
Writing XDEF routing special nets.
Write XDEF Complete: Time (s): cpu = 00:00:00 ; elapsed = 00:00:00.145 . Memory (MB): peak = 946.590 ; gain = 0.000
INFO: [DRC 23-27] Running DRC with 2 threads
INFO: [Coretcl 2-168] The results of DRC are in file C:/Users/ugurg/OneDrive/Learnings/Courses/BIL569_Embedded/bitcoin/bitcoin.runs/impl_1/system_wrapper_drc_opted.rpt.
Command: place_design
Attempting to get a license for feature 'Implementation' and/or device 'xc7z020'
INFO: [Common 17-349] Got license for feature 'Implementation' and/or device 'xc7z020'
INFO: [DRC 23-27] Running DRC with 2 threads
INFO: [Vivado_Tcl 4-198] DRC finished with 0 Errors
INFO: [Vivado_Tcl 4-199] Please refer to the DRC report (report_drc) for more information.
Running DRC as a precondition to command place_design
INFO: [DRC 23-27] Running DRC with 2 threads
INFO: [Vivado_Tcl 4-198] DRC finished with 0 Errors
INFO: [Vivado_Tcl 4-199] Please refer to the DRC report (report_drc) for more information.

Starting Placer Task
INFO: [Place 30-611] Multithreading enabled for place_design using a maximum of 2 CPUs

Phase 1 Placer Initialization
Netlist sorting complete. Time (s): cpu = 00:00:00 ; elapsed = 00:00:00.005 . Memory (MB): peak = 946.590 ; gain = 0.000
Netlist sorting complete. Time (s): cpu = 00:00:00 ; elapsed = 00:00:00.004 . Memory (MB): peak = 946.590 ; gain = 0.000

Phase 1.1 IO Placement/ Clock Placement/ Build Placer Device

Phase 1.1.1 Pre-Place Cells
Phase 1.1.1 Pre-Place Cells | Checksum: 0a2fccf4

Time (s): cpu = 00:00:00 ; elapsed = 00:00:00.049 . Memory (MB): peak = 946.590 ; gain = 0.000
WARNING: [Place 30-12] An IO Bus FIXED_IO_mio with more than one IO standard is found. Components associated with this bus are: 
	FIXED_IO_mio[53] of IOStandard LVCMOS18
	FIXED_IO_mio[52] of IOStandard LVCMOS18
	FIXED_IO_mio[51] of IOStandard LVCMOS18
	FIXED_IO_mio[50] of IOStandard LVCMOS18
	FIXED_IO_mio[49] of IOStandard LVCMOS18
	FIXED_IO_mio[48] of IOStandard LVCMOS18
	FIXED_IO_mio[47] of IOStandard LVCMOS18
	FIXED_IO_mio[46] of IOStandard LVCMOS18
	FIXED_IO_mio[45] of IOStandard LVCMOS18
	FIXED_IO_mio[44] of IOStandard LVCMOS18
	FIXED_IO_mio[43] of IOStandard LVCMOS18
	FIXED_IO_mio[42] of IOStandard LVCMOS18
	FIXED_IO_mio[41] of IOStandard LVCMOS18
	FIXED_IO_mio[40] of IOStandard LVCMOS18
	FIXED_IO_mio[39] of IOStandard LVCMOS18
	FIXED_IO_mio[38] of IOStandard LVCMOS18
	FIXED_IO_mio[37] of IOStandard LVCMOS18
	FIXED_IO_mio[36] of IOStandard LVCMOS18
	FIXED_IO_mio[35] of IOStandard LVCMOS18
	FIXED_IO_mio[34] of IOStandard LVCMOS18
	FIXED_IO_mio[33] of IOStandard LVCMOS18
	FIXED_IO_mio[32] of IOStandard LVCMOS18
	FIXED_IO_mio[31] of IOStandard LVCMOS18
	FIXED_IO_mio[30] of IOStandard LVCMOS18
	FIXED_IO_mio[29] of IOStandard LVCMOS18
	FIXED_IO_mio[28] of IOStandard LVCMOS18
	FIXED_IO_mio[27] of IOStandard LVCMOS18
	FIXED_IO_mio[26] of IOStandard LVCMOS18
	FIXED_IO_mio[25] of IOStandard LVCMOS18
	FIXED_IO_mio[24] of IOStandard LVCMOS18
	FIXED_IO_mio[23] of IOStandard LVCMOS18
	FIXED_IO_mio[22] of IOStandard LVCMOS18
	FIXED_IO_mio[21] of IOStandard LVCMOS18
	FIXED_IO_mio[20] of IOStandard LVCMOS18
	FIXED_IO_mio[19] of IOStandard LVCMOS18
	FIXED_IO_mio[18] of IOStandard LVCMOS18
	FIXED_IO_mio[17] of IOStandard LVCMOS18
	FIXED_IO_mio[16] of IOStandard LVCMOS18
	FIXED_IO_mio[15] of IOStandard LVCMOS33
	FIXED_IO_mio[14] of IOStandard LVCMOS33
	FIXED_IO_mio[13] of IOStandard LVCMOS33
	FIXED_IO_mio[12] of IOStandard LVCMOS33
	FIXED_IO_mio[11] of IOStandard LVCMOS33
	FIXED_IO_mio[10] of IOStandard LVCMOS33
	FIXED_IO_mio[9] of IOStandard LVCMOS33
	FIXED_IO_mio[8] of IOStandard LVCMOS33
	FIXED_IO_mio[7] of IOStandard LVCMOS33
	FIXED_IO_mio[6] of IOStandard LVCMOS33
	FIXED_IO_mio[5] of IOStandard LVCMOS33
	FIXED_IO_mio[4] of IOStandard LVCMOS33
	FIXED_IO_mio[3] of IOStandard LVCMOS33
	FIXED_IO_mio[2] of IOStandard LVCMOS33
	FIXED_IO_mio[1] of IOStandard LVCMOS33
	FIXED_IO_mio[0] of IOStandard LVCMOS33
INFO: [Timing 38-35] Done setting XDC timing constraints.

Phase 1.1.2 IO and Clk Clean Up
Phase 1.1.2 IO and Clk Clean Up | Checksum: 0a2fccf4

Time (s): cpu = 00:00:01 ; elapsed = 00:00:01 . Memory (MB): peak = 966.359 ; gain = 19.770

Phase 1.1.3 Implementation Feasibility check On IDelay
Phase 1.1.3 Implementation Feasibility check On IDelay | Checksum: 0a2fccf4

Time (s): cpu = 00:00:01 ; elapsed = 00:00:01 . Memory (MB): peak = 966.359 ; gain = 19.770

Phase 1.1.4 Commit IO Placement
Phase 1.1.4 Commit IO Placement | Checksum: d248a558

Time (s): cpu = 00:00:01 ; elapsed = 00:00:01 . Memory (MB): peak = 966.359 ; gain = 19.770
Phase 1.1 IO Placement/ Clock Placement/ Build Placer Device | Checksum: 13c565449

Time (s): cpu = 00:00:01 ; elapsed = 00:00:01 . Memory (MB): peak = 966.359 ; gain = 19.770

Phase 1.2 Build Placer Netlist Model

Phase 1.2.1 Place Init Design

Phase 1.2.1.1 Init Lut Pin Assignment
Phase 1.2.1.1 Init Lut Pin Assignment | Checksum: 2126dc65f

Time (s): cpu = 00:00:02 ; elapsed = 00:00:01 . Memory (MB): peak = 966.359 ; gain = 19.770
Phase 1.2.1 Place Init Design | Checksum: 21b143b33

Time (s): cpu = 00:00:02 ; elapsed = 00:00:02 . Memory (MB): peak = 966.359 ; gain = 19.770
Phase 1.2 Build Placer Netlist Model | Checksum: 21b143b33

Time (s): cpu = 00:00:02 ; elapsed = 00:00:02 . Memory (MB): peak = 966.359 ; gain = 19.770

Phase 1.3 Constrain Clocks/Macros

Phase 1.3.1 Constrain Global/Regional Clocks
Phase 1.3.1 Constrain Global/Regional Clocks | Checksum: 21b143b33

Time (s): cpu = 00:00:02 ; elapsed = 00:00:02 . Memory (MB): peak = 966.359 ; gain = 19.770
Phase 1.3 Constrain Clocks/Macros | Checksum: 21b143b33

Time (s): cpu = 00:00:02 ; elapsed = 00:00:02 . Memory (MB): peak = 966.359 ; gain = 19.770
Phase 1 Placer Initialization | Checksum: 21b143b33

Time (s): cpu = 00:00:02 ; elapsed = 00:00:02 . Memory (MB): peak = 966.359 ; gain = 19.770

Phase 2 Global Placement
Phase 2 Global Placement | Checksum: 240e9daef

Time (s): cpu = 00:00:05 ; elapsed = 00:00:03 . Memory (MB): peak = 966.359 ; gain = 19.770

Phase 3 Detail Placement

Phase 3.1 Commit Multi Column Macros
Phase 3.1 Commit Multi Column Macros | Checksum: 240e9daef

Time (s): cpu = 00:00:05 ; elapsed = 00:00:03 . Memory (MB): peak = 966.359 ; gain = 19.770

Phase 3.2 Commit Most Macros & LUTRAMs
Phase 3.2 Commit Most Macros & LUTRAMs | Checksum: 202af8bb5

Time (s): cpu = 00:00:06 ; elapsed = 00:00:04 . Memory (MB): peak = 966.359 ; gain = 19.770

Phase 3.3 Area Swap Optimization
Phase 3.3 Area Swap Optimization | Checksum: 220406bb5

Time (s): cpu = 00:00:06 ; elapsed = 00:00:04 . Memory (MB): peak = 966.359 ; gain = 19.770

Phase 3.4 updateClock Trees: DP
Phase 3.4 updateClock Trees: DP | Checksum: 220406bb5

Time (s): cpu = 00:00:06 ; elapsed = 00:00:04 . Memory (MB): peak = 966.359 ; gain = 19.770

Phase 3.5 Timing Path Optimizer
Phase 3.5 Timing Path Optimizer | Checksum: 2833693f7

Time (s): cpu = 00:00:06 ; elapsed = 00:00:04 . Memory (MB): peak = 966.359 ; gain = 19.770

Phase 3.6 Fast Optimization
Phase 3.6 Fast Optimization | Checksum: 2833693f7

Time (s): cpu = 00:00:06 ; elapsed = 00:00:04 . Memory (MB): peak = 966.359 ; gain = 19.770

Phase 3.7 Small Shape Detail Placement

Phase 3.7.1 Commit Small Macros and Core Logic

Phase 3.7.1.1 Commit Slice Clusters
Phase 3.7.1.1 Commit Slice Clusters | Checksum: 1094bc752

Time (s): cpu = 00:00:07 ; elapsed = 00:00:04 . Memory (MB): peak = 966.359 ; gain = 19.770
Phase 3.7.1 Commit Small Macros and Core Logic | Checksum: 1094bc752

Time (s): cpu = 00:00:07 ; elapsed = 00:00:04 . Memory (MB): peak = 966.359 ; gain = 19.770

Phase 3.7.2 Clock Restriction Legalization for Leaf Columns
Phase 3.7.2 Clock Restriction Legalization for Leaf Columns | Checksum: 1094bc752

Time (s): cpu = 00:00:07 ; elapsed = 00:00:04 . Memory (MB): peak = 966.359 ; gain = 19.770

Phase 3.7.3 Clock Restriction Legalization for Non-Clock Pins
Phase 3.7.3 Clock Restriction Legalization for Non-Clock Pins | Checksum: 1094bc752

Time (s): cpu = 00:00:07 ; elapsed = 00:00:04 . Memory (MB): peak = 966.359 ; gain = 19.770
Phase 3.7 Small Shape Detail Placement | Checksum: 1094bc752

Time (s): cpu = 00:00:07 ; elapsed = 00:00:04 . Memory (MB): peak = 966.359 ; gain = 19.770

Phase 3.8 Re-assign LUT pins
Phase 3.8 Re-assign LUT pins | Checksum: 1b61ae292

Time (s): cpu = 00:00:07 ; elapsed = 00:00:05 . Memory (MB): peak = 966.359 ; gain = 19.770
Phase 3 Detail Placement | Checksum: 1b61ae292

Time (s): cpu = 00:00:07 ; elapsed = 00:00:05 . Memory (MB): peak = 966.359 ; gain = 19.770

Phase 4 Post Placement Optimization and Clean-Up

Phase 4.1 Post Commit Optimization

Phase 4.1.1 callUpdateTimingBeforePCO
Phase 4.1.1 callUpdateTimingBeforePCO | Checksum: 255d9bea5

Time (s): cpu = 00:00:07 ; elapsed = 00:00:05 . Memory (MB): peak = 966.359 ; gain = 19.770

Phase 4.1.2 updateClock Trees: PCOPT
Phase 4.1.2 updateClock Trees: PCOPT | Checksum: 255d9bea5

Time (s): cpu = 00:00:07 ; elapsed = 00:00:05 . Memory (MB): peak = 966.359 ; gain = 19.770

Phase 4.1.3 Post Placement Optimization

Phase 4.1.3.1 PCOPT Shape updates

Phase 4.1.3.1.1 removeOptionalFFsFromShapes
Phase 4.1.3.1.1 removeOptionalFFsFromShapes | Checksum: 255d9bea5

Time (s): cpu = 00:00:07 ; elapsed = 00:00:05 . Memory (MB): peak = 966.359 ; gain = 19.770

Phase 4.1.3.1.2 deleteLutnmShapes

Phase 4.1.3.1.2.1 deleteShapes
Phase 4.1.3.1.2.1 deleteShapes | Checksum: 174a76045

Time (s): cpu = 00:00:07 ; elapsed = 00:00:05 . Memory (MB): peak = 966.359 ; gain = 19.770
Phase 4.1.3.1.2 deleteLutnmShapes | Checksum: 174a76045

Time (s): cpu = 00:00:07 ; elapsed = 00:00:05 . Memory (MB): peak = 966.359 ; gain = 19.770
Phase 4.1.3.1 PCOPT Shape updates | Checksum: 174a76045

Time (s): cpu = 00:00:07 ; elapsed = 00:00:05 . Memory (MB): peak = 966.359 ; gain = 19.770

Phase 4.1.3.2 Post Placement Timing Optimization
INFO: [Place 30-746] Post Placement Timing Summary WNS=3.146. For the most accurate timing information please run report_timing.
Phase 4.1.3.2 Post Placement Timing Optimization | Checksum: 13c74bd28

Time (s): cpu = 00:00:07 ; elapsed = 00:00:05 . Memory (MB): peak = 966.359 ; gain = 19.770
Phase 4.1.3 Post Placement Optimization | Checksum: 13c74bd28

Time (s): cpu = 00:00:07 ; elapsed = 00:00:05 . Memory (MB): peak = 966.359 ; gain = 19.770
Phase 4.1 Post Commit Optimization | Checksum: 13c74bd28

Time (s): cpu = 00:00:07 ; elapsed = 00:00:05 . Memory (MB): peak = 966.359 ; gain = 19.770

Phase 4.2 Sweep Clock Roots: Post-Placement
Phase 4.2 Sweep Clock Roots: Post-Placement | Checksum: 13c74bd28

Time (s): cpu = 00:00:07 ; elapsed = 00:00:05 . Memory (MB): peak = 966.359 ; gain = 19.770

Phase 4.3 Post Placement Cleanup
Phase 4.3 Post Placement Cleanup | Checksum: 13c74bd28

Time (s): cpu = 00:00:07 ; elapsed = 00:00:05 . Memory (MB): peak = 966.359 ; gain = 19.770

Phase 4.4 Placer Reporting

Phase 4.4.1 Restore STA
Phase 4.4.1 Restore STA | Checksum: 13c74bd28

Time (s): cpu = 00:00:07 ; elapsed = 00:00:05 . Memory (MB): peak = 966.359 ; gain = 19.770
Phase 4.4 Placer Reporting | Checksum: 13c74bd28

Time (s): cpu = 00:00:07 ; elapsed = 00:00:05 . Memory (MB): peak = 966.359 ; gain = 19.770

Phase 4.5 Final Placement Cleanup
Phase 4.5 Final Placement Cleanup | Checksum: cc561898

Time (s): cpu = 00:00:07 ; elapsed = 00:00:05 . Memory (MB): peak = 966.359 ; gain = 19.770
Phase 4 Post Placement Optimization and Clean-Up | Checksum: cc561898

Time (s): cpu = 00:00:07 ; elapsed = 00:00:05 . Memory (MB): peak = 966.359 ; gain = 19.770
Ending Placer Task | Checksum: b53580cf

Time (s): cpu = 00:00:07 ; elapsed = 00:00:05 . Memory (MB): peak = 966.359 ; gain = 19.770
INFO: [Common 17-83] Releasing license: Implementation
33 Infos, 1 Warnings, 0 Critical Warnings and 0 Errors encountered.
place_design completed successfully
place_design: Time (s): cpu = 00:00:08 ; elapsed = 00:00:06 . Memory (MB): peak = 966.359 ; gain = 19.770
Writing placer database...
Writing XDEF routing.
Writing XDEF routing logical nets.
Writing XDEF routing special nets.
Write XDEF Complete: Time (s): cpu = 00:00:02 ; elapsed = 00:00:00.383 . Memory (MB): peak = 966.359 ; gain = 0.000
report_io: Time (s): cpu = 00:00:00 ; elapsed = 00:00:00.087 . Memory (MB): peak = 966.359 ; gain = 0.000
report_utilization: Time (s): cpu = 00:00:00 ; elapsed = 00:00:00.044 . Memory (MB): peak = 966.359 ; gain = 0.000
report_control_sets: Time (s): cpu = 00:00:00 ; elapsed = 00:00:00.011 . Memory (MB): peak = 966.359 ; gain = 0.000
Command: route_design
Attempting to get a license for feature 'Implementation' and/or device 'xc7z020'
INFO: [Common 17-349] Got license for feature 'Implementation' and/or device 'xc7z020'
Running DRC as a precondition to command route_design
INFO: [DRC 23-27] Running DRC with 2 threads
WARNING: [DRC 23-20] Rule violation (PLIO-7) Placement Constraints Check for IO constraints - An IO Bus FIXED_IO_mio[53:0] with more than one IO standard is found. Components associated with this bus are: LVCMOS18 (FIXED_IO_mio[53], FIXED_IO_mio[52], FIXED_IO_mio[51], FIXED_IO_mio[50], FIXED_IO_mio[49], FIXED_IO_mio[48], FIXED_IO_mio[47], FIXED_IO_mio[46], FIXED_IO_mio[45], FIXED_IO_mio[44], FIXED_IO_mio[43], FIXED_IO_mio[42], FIXED_IO_mio[41], FIXED_IO_mio[40], FIXED_IO_mio[39] (the first 15 of 38 listed)); LVCMOS33 (FIXED_IO_mio[15], FIXED_IO_mio[14], FIXED_IO_mio[13], FIXED_IO_mio[12], FIXED_IO_mio[11], FIXED_IO_mio[10], FIXED_IO_mio[9], FIXED_IO_mio[8], FIXED_IO_mio[7], FIXED_IO_mio[6], FIXED_IO_mio[5], FIXED_IO_mio[4], FIXED_IO_mio[3], FIXED_IO_mio[2], FIXED_IO_mio[1] (the first 15 of 16 listed)); 
INFO: [Vivado_Tcl 4-198] DRC finished with 0 Errors, 1 Warnings
INFO: [Vivado_Tcl 4-199] Please refer to the DRC report (report_drc) for more information.


Starting Routing Task
INFO: [Route 35-254] Multithreading enabled for route_design using a maximum of 2 CPUs
Checksum: PlaceDB: af1bf91f ConstDB: 0 ShapeSum: 61987b0 RouteDB: 0

Phase 1 Build RT Design
Phase 1 Build RT Design | Checksum: 13622b452

Time (s): cpu = 00:00:37 ; elapsed = 00:00:33 . Memory (MB): peak = 1080.184 ; gain = 113.824

Phase 2 Router Initialization

Phase 2.1 Create Timer
Phase 2.1 Create Timer | Checksum: 13622b452

Time (s): cpu = 00:00:37 ; elapsed = 00:00:33 . Memory (MB): peak = 1082.262 ; gain = 115.902

Phase 2.2 Pre Route Cleanup
Phase 2.2 Pre Route Cleanup | Checksum: 13622b452

Time (s): cpu = 00:00:37 ; elapsed = 00:00:33 . Memory (MB): peak = 1089.316 ; gain = 122.957
 Number of Nodes with overlaps = 0

Phase 2.3 Update Timing
Phase 2.3 Update Timing | Checksum: 1e7d5a50e

Time (s): cpu = 00:00:38 ; elapsed = 00:00:34 . Memory (MB): peak = 1110.770 ; gain = 144.410
INFO: [Route 35-416] Intermediate Timing Summary | WNS=3.152  | TNS=0.000  | WHS=-0.190 | THS=-13.781|

Phase 2 Router Initialization | Checksum: 1de91a636

Time (s): cpu = 00:00:38 ; elapsed = 00:00:34 . Memory (MB): peak = 1110.770 ; gain = 144.410

Phase 3 Initial Routing
Phase 3 Initial Routing | Checksum: 143db53a8

Time (s): cpu = 00:00:39 ; elapsed = 00:00:34 . Memory (MB): peak = 1110.770 ; gain = 144.410

Phase 4 Rip-up And Reroute

Phase 4.1 Global Iteration 0
 Number of Nodes with overlaps = 78
 Number of Nodes with overlaps = 1
 Number of Nodes with overlaps = 0

Phase 4.1.1 Update Timing
Phase 4.1.1 Update Timing | Checksum: 17de83953

Time (s): cpu = 00:00:40 ; elapsed = 00:00:35 . Memory (MB): peak = 1110.770 ; gain = 144.410
INFO: [Route 35-416] Intermediate Timing Summary | WNS=2.950  | TNS=0.000  | WHS=N/A    | THS=N/A    |

Phase 4.1 Global Iteration 0 | Checksum: 28aa42773

Time (s): cpu = 00:00:40 ; elapsed = 00:00:35 . Memory (MB): peak = 1110.770 ; gain = 144.410
Phase 4 Rip-up And Reroute | Checksum: 28aa42773

Time (s): cpu = 00:00:40 ; elapsed = 00:00:35 . Memory (MB): peak = 1110.770 ; gain = 144.410

Phase 5 Delay and Skew Optimization

Phase 5.1 Delay CleanUp

Phase 5.1.1 Update Timing
Phase 5.1.1 Update Timing | Checksum: 1bac28ee0

Time (s): cpu = 00:00:40 ; elapsed = 00:00:35 . Memory (MB): peak = 1110.770 ; gain = 144.410
INFO: [Route 35-416] Intermediate Timing Summary | WNS=3.017  | TNS=0.000  | WHS=N/A    | THS=N/A    |

Phase 5.1 Delay CleanUp | Checksum: 1bac28ee0

Time (s): cpu = 00:00:40 ; elapsed = 00:00:35 . Memory (MB): peak = 1110.770 ; gain = 144.410

Phase 5.2 Clock Skew Optimization
Phase 5.2 Clock Skew Optimization | Checksum: 1bac28ee0

Time (s): cpu = 00:00:40 ; elapsed = 00:00:35 . Memory (MB): peak = 1110.770 ; gain = 144.410
Phase 5 Delay and Skew Optimization | Checksum: 1bac28ee0

Time (s): cpu = 00:00:40 ; elapsed = 00:00:35 . Memory (MB): peak = 1110.770 ; gain = 144.410

Phase 6 Post Hold Fix

Phase 6.1 Update Timing
Phase 6.1 Update Timing | Checksum: 1fea964d6

Time (s): cpu = 00:00:40 ; elapsed = 00:00:35 . Memory (MB): peak = 1110.770 ; gain = 144.410
INFO: [Route 35-416] Intermediate Timing Summary | WNS=3.017  | TNS=0.000  | WHS=0.086  | THS=0.000  |

Phase 6 Post Hold Fix | Checksum: 24fbfd1b2

Time (s): cpu = 00:00:40 ; elapsed = 00:00:35 . Memory (MB): peak = 1110.770 ; gain = 144.410

Phase 7 Route finalize

Router Utilization Summary
  Global Vertical Routing Utilization    = 0.200425 %
  Global Horizontal Routing Utilization  = 0.24645 %
  Routable Net Status*
  *Does not include unroutable nets such as driverless and loadless.
  Run report_route_status for detailed report.
  Number of Failed Nets               = 0
  Number of Unrouted Nets             = 0
  Number of Partially Routed Nets     = 0
  Number of Node Overlaps             = 0

Phase 7 Route finalize | Checksum: 1a9d591eb

Time (s): cpu = 00:00:40 ; elapsed = 00:00:35 . Memory (MB): peak = 1110.770 ; gain = 144.410

Phase 8 Verifying routed nets

 Verification completed successfully
Phase 8 Verifying routed nets | Checksum: 1a9d591eb

Time (s): cpu = 00:00:40 ; elapsed = 00:00:35 . Memory (MB): peak = 1110.770 ; gain = 144.410

Phase 9 Depositing Routes
Phase 9 Depositing Routes | Checksum: 1b8096f24

Time (s): cpu = 00:00:40 ; elapsed = 00:00:35 . Memory (MB): peak = 1110.770 ; gain = 144.410

Phase 10 Post Router Timing
INFO: [Route 35-57] Estimated Timing Summary | WNS=3.017  | TNS=0.000  | WHS=0.086  | THS=0.000  |

INFO: [Route 35-327] The final timing numbers are based on the router estimated timing analysis. For a complete and accurate timing signoff, please run report_timing_summary.
Phase 10 Post Router Timing | Checksum: 1b8096f24

Time (s): cpu = 00:00:40 ; elapsed = 00:00:35 . Memory (MB): peak = 1110.770 ; gain = 144.410
INFO: [Route 35-16] Router Completed Successfully

Time (s): cpu = 00:00:40 ; elapsed = 00:00:35 . Memory (MB): peak = 1110.770 ; gain = 144.410

Routing Is Done.
INFO: [Common 17-83] Releasing license: Implementation
46 Infos, 2 Warnings, 0 Critical Warnings and 0 Errors encountered.
route_design completed successfully
route_design: Time (s): cpu = 00:00:41 ; elapsed = 00:00:36 . Memory (MB): peak = 1110.770 ; gain = 144.410
Writing placer database...
Writing XDEF routing.
Writing XDEF routing logical nets.
Writing XDEF routing special nets.
Write XDEF Complete: Time (s): cpu = 00:00:02 ; elapsed = 00:00:00.454 . Memory (MB): peak = 1110.770 ; gain = 0.000
INFO: [DRC 23-27] Running DRC with 2 threads
INFO: [Coretcl 2-168] The results of DRC are in file C:/Users/ugurg/OneDrive/Learnings/Courses/BIL569_Embedded/bitcoin/bitcoin.runs/impl_1/system_wrapper_drc_routed.rpt.
INFO: [Timing 38-91] UpdateTimingParams: Speed grade: -1, Delay Type: min_max.
INFO: [Timing 38-191] Multithreading enabled for timing update using a maximum of 2 CPUs
Running Vector-less Activity Propagation...

Finished Running Vector-less Activity Propagation
Attempting to get a license for feature 'Implementation' and/or device 'xc7z020'
INFO: [Common 17-349] Got license for feature 'Implementation' and/or device 'xc7z020'
Running DRC as a precondition to command write_bitstream
INFO: [DRC 23-27] Running DRC with 2 threads
INFO: [Vivado 12-3199] DRC finished with 0 Errors
INFO: [Vivado 12-3200] Please refer to the DRC report (report_drc) for more information.
Loading data files...
Loading site data...
Loading route data...
Processing options...
Creating bitmap...
Creating bitstream...
Writing bitstream ./system_wrapper.bit...
INFO: [Vivado 12-1842] Bitgen Completed Successfully.
INFO: [Project 1-118] WebTalk data collection is enabled (User setting is ON. Install Setting is ON.).
INFO: [Common 17-83] Releasing license: Implementation
write_bitstream: Time (s): cpu = 00:00:29 ; elapsed = 00:00:34 . Memory (MB): peak = 1435.629 ; gain = 324.859
INFO: [Common 17-206] Exiting Vivado at Sun Aug 13 00:18:59 2017...

*** Running vivado
    with args -log system_wrapper.vdi -applog -m64 -messageDb vivado.pb -mode batch -source system_wrapper.tcl -notrace


****** Vivado v2015.4 (64-bit)
  **** SW Build 1412921 on Wed Nov 18 09:43:45 MST 2015
  **** IP Build 1412160 on Tue Nov 17 13:47:24 MST 2015
    ** Copyright 1986-2015 Xilinx, Inc. All Rights Reserved.

source system_wrapper.tcl -notrace
Command: open_checkpoint system_wrapper_routed.dcp
INFO: [Netlist 29-17] Analyzing 63 Unisim elements for replacement
INFO: [Netlist 29-28] Unisim Transformation completed in 0 CPU seconds
INFO: [Project 1-479] Netlist was created with Vivado 2015.4
INFO: [Device 21-403] Loading part xc7z020clg484-1
INFO: [Project 1-570] Preparing netlist for logic optimization
Parsing XDC File [C:/Users/ugurg/OneDrive/Learnings/Courses/BIL569_Embedded/bitcoin/bitcoin.runs/impl_1/.Xil/Vivado-6368-/dcp/system_wrapper_early.xdc]
Finished Parsing XDC File [C:/Users/ugurg/OneDrive/Learnings/Courses/BIL569_Embedded/bitcoin/bitcoin.runs/impl_1/.Xil/Vivado-6368-/dcp/system_wrapper_early.xdc]
Parsing XDC File [C:/Users/ugurg/OneDrive/Learnings/Courses/BIL569_Embedded/bitcoin/bitcoin.runs/impl_1/.Xil/Vivado-6368-/dcp/system_wrapper.xdc]
Finished Parsing XDC File [C:/Users/ugurg/OneDrive/Learnings/Courses/BIL569_Embedded/bitcoin/bitcoin.runs/impl_1/.Xil/Vivado-6368-/dcp/system_wrapper.xdc]
Reading XDEF placement.
Reading placer database...
Reading XDEF routing.
Read XDEF File: Time (s): cpu = 00:00:00 ; elapsed = 00:00:00.429 . Memory (MB): peak = 471.168 ; gain = 0.000
Restored from archive | CPU: 0.000000 secs | Memory: 0.000000 MB |
Finished XDEF File Restore: Time (s): cpu = 00:00:00 ; elapsed = 00:00:00.430 . Memory (MB): peak = 471.168 ; gain = 0.000
INFO: [Project 1-111] Unisim Transformation Summary:
No Unisim elements were transformed.

INFO: [Project 1-604] Checkpoint was created with Vivado v2015.4 (64-bit) build 1412921
open_checkpoint: Time (s): cpu = 00:00:08 ; elapsed = 00:00:09 . Memory (MB): peak = 471.168 ; gain = 283.352
Attempting to get a license for feature 'Implementation' and/or device 'xc7z020'
INFO: [Common 17-349] Got license for feature 'Implementation' and/or device 'xc7z020'
Running DRC as a precondition to command write_bitstream
INFO: [DRC 23-27] Running DRC with 2 threads
INFO: [Vivado 12-3199] DRC finished with 0 Errors
INFO: [Vivado 12-3200] Please refer to the DRC report (report_drc) for more information.
Loading data files...
Loading site data...
Loading route data...
Processing options...
Creating bitmap...
Creating bitstream...
Writing bitstream ./system_wrapper.bit...
INFO: [Vivado 12-1842] Bitgen Completed Successfully.
INFO: [Project 1-118] WebTalk data collection is enabled (User setting is ON. Install Setting is ON.).
INFO: [Common 17-83] Releasing license: Implementation
write_bitstream: Time (s): cpu = 00:00:28 ; elapsed = 00:00:31 . Memory (MB): peak = 820.703 ; gain = 349.535
INFO: [Common 17-206] Exiting Vivado at Sun Aug 13 00:21:20 2017...
