#-----------------------------------------------------------
# Vivado v2015.4 (64-bit)
# SW Build 1412921 on Wed Nov 18 09:43:45 MST 2015
# IP Build 1412160 on Tue Nov 17 13:47:24 MST 2015
# Start of session at: Mon Aug 14 12:44:09 2017
# Process ID: 12884
# Current directory: C:/Users/Ugur Gudelek/OneDrive/Learnings/Courses/BIL569_Embedded/bitcoin
# Command line: vivado.exe -gui_launcher_event rodinguilauncherevent13156 C:\Users\Ugur Gudelek\OneDrive\Learnings\Courses\BIL569_Embedded\bitcoin\bitcoin.xpr
# Log file: C:/Users/Ugur Gudelek/OneDrive/Learnings/Courses/BIL569_Embedded/bitcoin/vivado.log
# Journal file: C:/Users/Ugur Gudelek/OneDrive/Learnings/Courses/BIL569_Embedded/bitcoin\vivado.jou
#-----------------------------------------------------------
start_gui
open_project {C:/Users/Ugur Gudelek/OneDrive/Learnings/Courses/BIL569_Embedded/bitcoin/bitcoin.xpr}
INFO: [Project 1-313] Project file moved from 'C:/Users/ugurg/OneDrive/Learnings/Courses/BIL569_Embedded/bitcoin' since last save.
Scanning sources...
Finished scanning sources
INFO: [IP_Flow 19-234] Refreshing IP repositories
INFO: [IP_Flow 19-1704] No user IP repositories specified
INFO: [IP_Flow 19-2313] Loaded Vivado IP repository 'C:/Xilinx/Vivado/2015.4/data/ip'.
open_project: Time (s): cpu = 00:00:15 ; elapsed = 00:00:08 . Memory (MB): peak = 798.590 ; gain = 210.984
launch_sdk -workspace {C:/Users/Ugur Gudelek/OneDrive/Learnings/Courses/BIL569_Embedded/bitcoin/bitcoin.sdk} -hwspec {C:/Users/Ugur Gudelek/OneDrive/Learnings/Courses/BIL569_Embedded/bitcoin/bitcoin.sdk/system_wrapper.hdf}
INFO: [Vivado 12-393] Launching SDK...
INFO: [Vivado 12-417] Running xsdk -workspace C:/Users/Ugur Gudelek/OneDrive/Learnings/Courses/BIL569_Embedded/bitcoin/bitcoin.sdk -hwspec C:/Users/Ugur Gudelek/OneDrive/Learnings/Courses/BIL569_Embedded/bitcoin/bitcoin.sdk/system_wrapper.hdf
INFO: [Vivado 12-3157] SDK launch initiated. Please check console for any further messages.
open_bd_design {C:/Users/Ugur Gudelek/OneDrive/Learnings/Courses/BIL569_Embedded/bitcoin/bitcoin.srcs/sources_1/bd/system/system.bd}
Adding component instance block -- xilinx.com:ip:processing_system7:5.5 - processing_system7_0
Adding component instance block -- xilinx.com:ip:axi_timer:2.0 - axi_timer_0
INFO: [BD 41-434] Could not find an IP with XCI file by name: system_axi_timer_0_0 
INFO: [BD 41-434] Could not find an IP with XCI file by name: system_processing_system7_0_axi_periph_0 
Adding component instance block -- xilinx.com:ip:proc_sys_reset:5.0 - rst_processing_system7_0_100M
INFO: [BD 41-434] Could not find an IP with XCI file by name: system_rst_processing_system7_0_100M_0 
INFO: [Ipptcl 7-1463] No Compatible Board Interface found. Board Tab not created in customize GUI
CRITICAL WARNING: [BD 41-5] processing_system7_0 does not have a bus interface called M_AXI_GP0
CRITICAL WARNING: [BD 41-5] processing_system7_0 does not have a bus interface called UART_0
ERROR: [BD 41-6] processing_system7_0 does not have a port called FCLK_CLK0
ERROR: [BD 41-6] processing_system7_0 does not have a port called M_AXI_GP0_ACLK
Adding component instance block -- xilinx.com:ip:axi_protocol_converter:2.1 - auto_pc
INFO: [BD 41-434] Could not find an IP with XCI file by name: system_auto_pc_0 
Successfully read diagram <system> from BD file <C:/Users/Ugur Gudelek/OneDrive/Learnings/Courses/BIL569_Embedded/bitcoin/bitcoin.srcs/sources_1/bd/system/system.bd>
INFO: [BD 41-433] 
Design successfully migrated to use XCI files...
open_bd_design: Time (s): cpu = 00:00:14 ; elapsed = 00:00:12 . Memory (MB): peak = 893.723 ; gain = 94.707
ERROR: [Common 17-39] 'open_bd_design' failed due to earlier errors.
exit
INFO: [Common 17-206] Exiting Vivado at Mon Aug 14 13:03:13 2017...
