#-----------------------------------------------------------
# Webtalk v2015.4 (64-bit)
# SW Build 1412921 on Wed Nov 18 09:43:45 MST 2015
# 
# Start of session at: Sun Aug 13 01:59:25 2017
# Process ID: 19108
# Current directory: C:/Users/ugurg/OneDrive/Learnings/Courses/BIL569_Embedded/bitcoin/bitcoin.sdk/webtalk
# Command line: wbtcv.exe -mode batch -source sdk_webtalk.tcl
# Log file: C:/Users/ugurg/OneDrive/Learnings/Courses/BIL569_Embedded/bitcoin/bitcoin.sdk/webtalk/webtalk.log
# Journal file: C:/Users/ugurg/OneDrive/Learnings/Courses/BIL569_Embedded/bitcoin/bitcoin.sdk/webtalk\webtalk.jou
#-----------------------------------------------------------
source sdk_webtalk.tcl
# webtalk_init -webtalk_dir C:\\Users\\ugurg\\OneDrive\\Learnings\\Courses\\BIL569_Embedded\\bitcoin\\bitcoin.sdk\\webtalk
# webtalk_register_client -client project
# webtalk_add_data -client project -key date_generated -value "Paz Aðu 13 01:59:24 2017" -context "software_version_and_target_device"
# webtalk_add_data -client project -key product_version -value "SDK v2015.4" -context "software_version_and_target_device"
# webtalk_add_data -client project -key build_version -value "2015.4" -context "software_version_and_target_device"
# webtalk_add_data -client project -key os_platform -value "amd64" -context "software_version_and_target_device"
# webtalk_add_data -client project -key registration_id -value "" -context "software_version_and_target_device"
# webtalk_add_data -client project -key tool_flow -value "SDK" -context "software_version_and_target_device"
# webtalk_add_data -client project -key beta -value "false" -context "software_version_and_target_device"
# webtalk_add_data -client project -key route_design -value "NA" -context "software_version_and_target_device"
# webtalk_add_data -client project -key target_family -value "NA" -context "software_version_and_target_device"
# webtalk_add_data -client project -key target_device -value "NA" -context "software_version_and_target_device"
# webtalk_add_data -client project -key target_package -value "NA" -context "software_version_and_target_device"
# webtalk_add_data -client project -key target_speed -value "NA" -context "software_version_and_target_device"
# webtalk_add_data -client project -key random_id -value "mlo0vmqa0qog920qodefifcod0" -context "software_version_and_target_device"
# webtalk_add_data -client project -key project_id -value "2015.4_3" -context "software_version_and_target_device"
# webtalk_add_data -client project -key project_iteration -value "3" -context "software_version_and_target_device"
# webtalk_add_data -client project -key os_name -value "" -context "user_environment"
# webtalk_add_data -client project -key os_release -value "" -context "user_environment"
# webtalk_add_data -client project -key cpu_name -value "" -context "user_environment"
# webtalk_add_data -client project -key cpu_speed -value "" -context "user_environment"
# webtalk_add_data -client project -key total_processors -value "" -context "user_environment"
# webtalk_add_data -client project -key system_ram -value "" -context "user_environment"
# webtalk_register_client -client sdk
# webtalk_add_data -client sdk -key uid -value "1502574923019" -context "sdk\\\\bsp/1502574923019"
# webtalk_add_data -client sdk -key hwid -value "1502573826475" -context "sdk\\\\bsp/1502574923019"
# webtalk_add_data -client sdk -key os -value "standalone" -context "sdk\\\\bsp/1502574923019"
# webtalk_add_data -client sdk -key apptemplate -value "memory_tests" -context "sdk\\\\bsp/1502574923019"
# webtalk_add_data -client sdk -key uid -value "1502574929596" -context "sdk\\\\application/1502574929596"
# webtalk_add_data -client sdk -key hwid -value "1502573826475" -context "sdk\\\\application/1502574929596"
# webtalk_add_data -client sdk -key bspid -value "1502574923019" -context "sdk\\\\application/1502574929596"
# webtalk_add_data -client sdk -key newbsp -value "true" -context "sdk\\\\application/1502574929596"
# webtalk_add_data -client sdk -key os -value "standalone" -context "sdk\\\\application/1502574929596"
# webtalk_add_data -client sdk -key apptemplate -value "memory_tests" -context "sdk\\\\application/1502574929596"
# webtalk_add_data -client sdk -key uid -value "1502575408044" -context "sdk\\\\bsp/1502575408044"
# webtalk_add_data -client sdk -key hwid -value "1502573826475" -context "sdk\\\\bsp/1502575408044"
# webtalk_add_data -client sdk -key os -value "standalone" -context "sdk\\\\bsp/1502575408044"
# webtalk_add_data -client sdk -key apptemplate -value "hello_world" -context "sdk\\\\bsp/1502575408044"
# webtalk_add_data -client sdk -key uid -value "1502575411428" -context "sdk\\\\application/1502575411428"
# webtalk_add_data -client sdk -key hwid -value "1502573826475" -context "sdk\\\\application/1502575411428"
# webtalk_add_data -client sdk -key bspid -value "1502575408044" -context "sdk\\\\application/1502575411428"
# webtalk_add_data -client sdk -key newbsp -value "true" -context "sdk\\\\application/1502575411428"
# webtalk_add_data -client sdk -key os -value "standalone" -context "sdk\\\\application/1502575411428"
# webtalk_add_data -client sdk -key apptemplate -value "hello_world" -context "sdk\\\\application/1502575411428"
# webtalk_transmit -clientid 4047483483 -regid "" -xml C:\\Users\\ugurg\\OneDrive\\Learnings\\Courses\\BIL569_Embedded\\bitcoin\\bitcoin.sdk\\webtalk\\usage_statistics_ext_sdk.xml -html C:\\Users\\ugurg\\OneDrive\\Learnings\\Courses\\BIL569_Embedded\\bitcoin\\bitcoin.sdk\\webtalk\\usage_statistics_ext_sdk.html -wdm C:\\Users\\ugurg\\OneDrive\\Learnings\\Courses\\BIL569_Embedded\\bitcoin\\bitcoin.sdk\\webtalk\\sdk_webtalk.wdm -intro "<H3>SDK Usage Report</H3><BR>"

    while executing
"webtalk_transmit -clientid 4047483483 -regid "" -xml C:\\Users\\ugurg\\OneDrive\\Learnings\\Courses\\BIL569_Embedded\\bitcoin\\bitcoin.sdk\\webtalk\\u..."
    (file "sdk_webtalk.tcl" line 45)
INFO: [Common 17-206] Exiting Webtalk at Sun Aug 13 02:00:25 2017...
